<?xml version="1.0" encoding="UTF-8"?>
<beans xmlns="http://www.springframework.org/schema/beans"
	xmlns:xsi="http://www.w3.org/2001/XMLSchema-instance"
	xmlns:util="http://www.springframework.org/schema/util"
	xsi:schemaLocation="http://www.springframework.org/schema/beans http://www.springframework.org/schema/beans/spring-beans.xsd
		http://www.springframework.org/schema/util http://www.springframework.org/schema/util/spring-util-3.1.xsd">

	<bean id="helloService" class="test.HelloService"></bean>
	
	<bean name="helloExporter" class="com.starit.spring.remote.kryo.KryoHttpInvokerServiceExporter">
	    <property name="service" ref="helloService"/>
	    <property name="serviceInterface" value="test.Hello"/>
	</bean>
	
	<bean name="helloExporter1" class="org.springframework.remoting.httpinvoker.HttpInvokerServiceExporter">
	    <property name="service" ref="helloService"/>
	    <property name="serviceInterface" value="test.Hello"/>
	</bean>
	
</beans>
